Using pre-set license
Built from '2020.3/staging' branch; Version is '2020.3.0f1 (c7b5465681fb) revision 13088070'; Using compiler version '192528614'; Build Type 'Release'
OS: 'Windows 10 Pro; OS build 19041.867; Version 2004; 64bit' Language: 'en' Physical Memory: 16330 MB
BatchMode: 1, IsHumanControllingUs: 0, StartBugReporterOnCrash: 0, Is64bit: 1, IsPro: 0

 COMMAND LINE ARGUMENTS:
F:\Unity\2020.3.0f1\Editor\Unity.exe
-adb2
-batchMode
-noUpm
-name
AssetImportWorker0
-projectPath
F:/Unity Works/clean-the-world-main
-logFile
Logs/AssetImportWorker0.log
-srvPort
61189
Successfully changed project path to: F:/Unity Works/clean-the-world-main
F:/Unity Works/clean-the-world-main
Using Asset Import Pipeline V2.
Refreshing native plugins compatible for Editor in 27.01 ms, found 0 plugins.
Preloading 0 native plugins for Editor in 0.00 ms.
Initialize engine version: 2020.3.0f1 (c7b5465681fb)
[Subsystems] Discovering subsystems at path F:/Unity/2020.3.0f1/Editor/Data/Resources/UnitySubsystems
[Subsystems] Discovering subsystems at path F:/Unity Works/clean-the-world-main/Assets
GfxDevice: creating device client; threaded=0
Direct3D:
    Version:  Direct3D 11.0 [level 11.1]
    Renderer: NVIDIA GeForce RTX 2070 SUPER (ID=0x1e84)
    Vendor:   
    VRAM:     8011 MB
    Driver:   27.21.14.6079
Initialize mono
Mono path[0] = 'F:/Unity/2020.3.0f1/Editor/Data/Managed'
Mono path[1] = 'F:/Unity/2020.3.0f1/Editor/Data/MonoBleedingEdge/lib/mono/unityjit'
Mono config path = 'F:/Unity/2020.3.0f1/Editor/Data/MonoBleedingEdge/etc'
Using monoOptions --debugger-agent=transport=dt_socket,embedding=1,server=y,suspend=n,address=127.0.0.1:56228
Begin MonoManager ReloadAssembly
Registering precompiled unity dll's ...
Register platform support module: F:/Unity/2020.3.0f1/Editor/Data/PlaybackEngines/WindowsStandaloneSupport/UnityEditor.WindowsStandalone.Extensions.dll
Registered in 0.000942 seconds.
Native extension for WindowsStandalone target not found
Refreshing native plugins compatible for Editor in 21.80 ms, found 0 plugins.
Preloading 0 native plugins for Editor in 0.00 ms.
Invoked RoslynAnalysisRunner static constructor.
RoslynAnalysisRunner will not be running.
RoslynAnalysisRunner has terminated.
Mono: successfully reloaded assembly
- Completed reload, in  1.185 seconds
Platform modules already initialized, skipping
Registering precompiled user dll's ...
Registered in 0.000431 seconds.
Begin MonoManager ReloadAssembly
Native extension for WindowsStandalone target not found
Refreshing native plugins compatible for Editor in 0.28 ms, found 0 plugins.
Preloading 0 native plugins for Editor in 0.00 ms.
Invoked RoslynAnalysisRunner static constructor.
RoslynAnalysisRunner will not be running.
RoslynAnalysisRunner has terminated.
Mono: successfully reloaded assembly
- Completed reload, in  0.613 seconds
Platform modules already initialized, skipping
========================================================================
Worker process is ready to serve import requests
Launched and connected shader compiler UnityShaderCompiler.exe after 0.04 seconds
Refreshing native plugins compatible for Editor in 0.26 ms, found 0 plugins.
Preloading 0 native plugins for Editor in 0.00 ms.
Unloading 1139 Unused Serialized files (Serialized files now loaded: 0)
System memory in use before: 59.2 MB.
System memory in use after: 59.3 MB.

Unloading 9 unused Assets to reduce memory usage. Loaded Objects now: 1583.
Total: 1.544100 ms (FindLiveObjects: 0.162000 ms CreateObjectMapping: 0.027500 ms MarkObjects: 1.287700 ms  DeleteObjects: 0.066000 ms)

========================================================================
Received Import Request.
  path: Assets/tree5.blend
  artifactKey: Guid(779e50e8a8d81764c848c77230eb903c) Importer(815301076,1909f56bfc062723c751e8b465ee728b)
Start importing Assets/tree5.blend using Guid(779e50e8a8d81764c848c77230eb903c) Importer(815301076,1909f56bfc062723c751e8b465ee728b)  -> (artifact id: '23de684eceba6d25708e527415de6f82') in 0.207270 seconds
  Import took 0.209450 seconds .

========================================================================
Received Import Request.
  Time since last request: 0.000205 seconds.
  path: Assets/road1.blend
  artifactKey: Guid(dbf9f7070b7da0d4abfcdc9283846ce7) Importer(815301076,1909f56bfc062723c751e8b465ee728b)
Start importing Assets/road1.blend using Guid(dbf9f7070b7da0d4abfcdc9283846ce7) Importer(815301076,1909f56bfc062723c751e8b465ee728b)  -> (artifact id: 'a15e91ac37cd651de8b127f005c668da') in 0.242965 seconds
  Import took 0.244622 seconds .

========================================================================
Received Import Request.
  Time since last request: 0.000228 seconds.
  path: Assets/tree4.blend
  artifactKey: Guid(20ca9022475ea504db201e297edf1189) Importer(815301076,1909f56bfc062723c751e8b465ee728b)
Start importing Assets/tree4.blend using Guid(20ca9022475ea504db201e297edf1189) Importer(815301076,1909f56bfc062723c751e8b465ee728b)  -> (artifact id: '67dd7bc6f1917fc6d31bc3d033ad2a6e') in 0.060822 seconds
  Import took 0.062375 seconds .

========================================================================
Received Import Request.
  Time since last request: 0.000194 seconds.
  path: Assets/building2.blend
  artifactKey: Guid(990dbc7089a9c834bb1ecd62ff74a7cd) Importer(815301076,1909f56bfc062723c751e8b465ee728b)
Start importing Assets/building2.blend using Guid(990dbc7089a9c834bb1ecd62ff74a7cd) Importer(815301076,1909f56bfc062723c751e8b465ee728b)  -> (artifact id: '07bafd1e4b873126b74829af219298ba') in 0.047587 seconds
  Import took 0.049183 seconds .

========================================================================
Received Import Request.
  Time since last request: 0.000200 seconds.
  path: Assets/building3.blend
  artifactKey: Guid(39f517297181af542beaf362f140fbd0) Importer(815301076,1909f56bfc062723c751e8b465ee728b)
Start importing Assets/building3.blend using Guid(39f517297181af542beaf362f140fbd0) Importer(815301076,1909f56bfc062723c751e8b465ee728b)  -> (artifact id: '87ff19d493205badf74550ebdb6be2a1') in 0.038770 seconds
  Import took 0.040389 seconds .

========================================================================
Received Import Request.
  Time since last request: 0.000209 seconds.
  path: Assets/tree2.blend
  artifactKey: Guid(5418e8463382c7342aadb0d28ae50be2) Importer(815301076,1909f56bfc062723c751e8b465ee728b)
Start importing Assets/tree2.blend using Guid(5418e8463382c7342aadb0d28ae50be2) Importer(815301076,1909f56bfc062723c751e8b465ee728b)  -> (artifact id: 'a4c0c02784ae78eddfe757c8d665cec0') in 0.078480 seconds
  Import took 0.080072 seconds .

========================================================================
Received Import Request.
  Time since last request: 0.000284 seconds.
  path: Assets/building1.blend
  artifactKey: Guid(b18af610047c8ff49a087dca7c627508) Importer(815301076,1909f56bfc062723c751e8b465ee728b)
Start importing Assets/building1.blend using Guid(b18af610047c8ff49a087dca7c627508) Importer(815301076,1909f56bfc062723c751e8b465ee728b)  -> (artifact id: 'c2c8913993f6f37a22bc5adc12edb7e5') in 0.057745 seconds
  Import took 0.059429 seconds .

========================================================================
Received Import Request.
  Time since last request: 0.000207 seconds.
  path: Assets/building5.blend
  artifactKey: Guid(c228a4f18c5df2e4fa7e75b86f10161e) Importer(815301076,1909f56bfc062723c751e8b465ee728b)
Start importing Assets/building5.blend using Guid(c228a4f18c5df2e4fa7e75b86f10161e) Importer(815301076,1909f56bfc062723c751e8b465ee728b)  -> (artifact id: '184b8ee03b772fdcbfdcf28d4d2c6270') in 0.030770 seconds
  Import took 0.032375 seconds .

========================================================================
Received Import Request.
  Time since last request: 0.000197 seconds.
  path: Assets/tree1.blend
  artifactKey: Guid(9339532a3193712478b26b18b1b44551) Importer(815301076,1909f56bfc062723c751e8b465ee728b)
Start importing Assets/tree1.blend using Guid(9339532a3193712478b26b18b1b44551) Importer(815301076,1909f56bfc062723c751e8b465ee728b)  -> (artifact id: 'ac9d6b675f2bc3d000d16ec004bda421') in 0.060592 seconds
  Import took 0.062258 seconds .

========================================================================
Received Import Request.
  Time since last request: 0.000203 seconds.
  path: Assets/building6.blend
  artifactKey: Guid(0b7ae644c436c354f9036ba1f43c750b) Importer(815301076,1909f56bfc062723c751e8b465ee728b)
Start importing Assets/building6.blend using Guid(0b7ae644c436c354f9036ba1f43c750b) Importer(815301076,1909f56bfc062723c751e8b465ee728b)  -> (artifact id: '8eff6a32c82f88a505b31e15106608e6') in 0.042148 seconds
  Import took 0.043779 seconds .

========================================================================
Received Import Request.
  Time since last request: 0.000203 seconds.
  path: Assets/building4.blend
  artifactKey: Guid(c37929a5fc038d74883bec4db2847eaa) Importer(815301076,1909f56bfc062723c751e8b465ee728b)
Start importing Assets/building4.blend using Guid(c37929a5fc038d74883bec4db2847eaa) Importer(815301076,1909f56bfc062723c751e8b465ee728b)  -> (artifact id: '012d717a1fbe1cd0a801e7025d07c856') in 0.029160 seconds
  Import took 0.030756 seconds .

========================================================================
Received Import Request.
  Time since last request: 0.000190 seconds.
  path: Assets/road2.blend
  artifactKey: Guid(6c25c397f7417b047a44e470a2544779) Importer(815301076,1909f56bfc062723c751e8b465ee728b)
Start importing Assets/road2.blend using Guid(6c25c397f7417b047a44e470a2544779) Importer(815301076,1909f56bfc062723c751e8b465ee728b)  -> (artifact id: 'ec02cc13d8005c876518dcc75fcdc824') in 0.178580 seconds
  Import took 0.180277 seconds .

========================================================================
Received Import Request.
  Time since last request: 0.000259 seconds.
  path: Assets/tree3.blend
  artifactKey: Guid(736fa19532db70d4687acc7748e0be18) Importer(815301076,1909f56bfc062723c751e8b465ee728b)
Start importing Assets/tree3.blend using Guid(736fa19532db70d4687acc7748e0be18) Importer(815301076,1909f56bfc062723c751e8b465ee728b)  -> (artifact id: '7716133c8c184fd59e8114d3bc0d6b98') in 0.031488 seconds
  Import took 0.033114 seconds .

========================================================================
Received Import Request.
  Time since last request: 0.000241 seconds.
  path: Assets/tree6.blend
  artifactKey: Guid(5acc9bfc9e1ed5c4d90091b707604071) Importer(815301076,1909f56bfc062723c751e8b465ee728b)
Start importing Assets/tree6.blend using Guid(5acc9bfc9e1ed5c4d90091b707604071) Importer(815301076,1909f56bfc062723c751e8b465ee728b)  -> (artifact id: 'eea3b602f2ce91b193bc612df94868a5') in 0.038523 seconds
  Import took 0.040486 seconds .

========================================================================
Received Import Request.
  Time since last request: 90.518013 seconds.
  path: Assets/Scripts
  artifactKey: Guid(c4faa81fbc0b09a469922932f828b9d2) Importer(815301076,1909f56bfc062723c751e8b465ee728b)
Start importing Assets/Scripts using Guid(c4faa81fbc0b09a469922932f828b9d2) Importer(815301076,1909f56bfc062723c751e8b465ee728b)  -> (artifact id: 'aaf77d49c1d295c926b3be24ea474797') in 0.001405 seconds
  Import took 0.003419 seconds .

========================================================================
Received Import Request.
  Time since last request: 0.000365 seconds.
  path: Assets/Scripts
  artifactKey: Guid(c4faa81fbc0b09a469922932f828b9d2) Importer(815301076,1909f56bfc062723c751e8b465ee728b)
Start importing Assets/Scripts using Guid(c4faa81fbc0b09a469922932f828b9d2) Importer(815301076,1909f56bfc062723c751e8b465ee728b)  -> (artifact id: 'aaf77d49c1d295c926b3be24ea474797') in 0.001253 seconds
  Import took 0.002837 seconds .

========================================================================
Received Import Request.
  Time since last request: 5.093315 seconds.
  path: Assets/Scripts/ObjectPooling.cs
  artifactKey: Guid(2b9b4236ceafa32428fde00509aedb0c) Importer(815301076,1909f56bfc062723c751e8b465ee728b)
Start importing Assets/Scripts/ObjectPooling.cs using Guid(2b9b4236ceafa32428fde00509aedb0c) Importer(815301076,1909f56bfc062723c751e8b465ee728b)  -> (artifact id: '9a87e4fc87b084cc96a4d1ff3ebac064') in 0.008056 seconds
  Import took 0.010095 seconds .

========================================================================
Received Import Request.
  Time since last request: 0.002865 seconds.
  path: Assets/Scripts/ObjectPooling.cs
  artifactKey: Guid(2b9b4236ceafa32428fde00509aedb0c) Importer(815301076,1909f56bfc062723c751e8b465ee728b)
Start importing Assets/Scripts/ObjectPooling.cs using Guid(2b9b4236ceafa32428fde00509aedb0c) Importer(815301076,1909f56bfc062723c751e8b465ee728b)  -> (artifact id: '9a87e4fc87b084cc96a4d1ff3ebac064') in 0.001030 seconds
  Import took 0.002213 seconds .

========================================================================
Received Prepare
Registering precompiled user dll's ...
Registered in 0.000597 seconds.
Begin MonoManager ReloadAssembly
Native extension for WindowsStandalone target not found
Refreshing native plugins compatible for Editor in 0.27 ms, found 0 plugins.
Preloading 0 native plugins for Editor in 0.00 ms.
Invoked RoslynAnalysisRunner static constructor.
RoslynAnalysisRunner will not be running.
RoslynAnalysisRunner has terminated.
Mono: successfully reloaded assembly
- Completed reload, in  0.606 seconds
Platform modules already initialized, skipping
Switching build target platform(5) subTarget(0) extendedPlatform(0) -> platform(13) subTarget(537395200) extendedPlatform(0)
Refreshing native plugins compatible for Editor in 0.26 ms, found 0 plugins.
Preloading 0 native plugins for Editor in 0.00 ms.
Unloading 1124 Unused Serialized files (Serialized files now loaded: 0)
System memory in use before: 61.6 MB.
System memory in use after: 61.7 MB.

Unloading 4 unused Assets to reduce memory usage. Loaded Objects now: 1629.
Total: 1.418500 ms (FindLiveObjects: 0.163100 ms CreateObjectMapping: 0.026700 ms MarkObjects: 1.215900 ms  DeleteObjects: 0.010900 ms)

AssetImportParameters requested are different than current active one (requested -> active):
  custom:graphics/normal-map-encoding: 01000000000000000000000000000000 -> 02000000000000000000000000000000
========================================================================
Received Import Request.
  Time since last request: 177.780979 seconds.
  path: Assets/Scripts/ObstacleController.cs
  artifactKey: Guid(b17b98f702760164da96fa1c6995b5d9) Importer(815301076,1909f56bfc062723c751e8b465ee728b)
Start importing Assets/Scripts/ObstacleController.cs using Guid(b17b98f702760164da96fa1c6995b5d9) Importer(815301076,1909f56bfc062723c751e8b465ee728b)  -> (artifact id: 'da87f6483a050bc75d8431af87d672b3') in 0.003495 seconds
  Import took 0.005391 seconds .

========================================================================
Received Import Request.
  Time since last request: 4.320147 seconds.
  path: Assets/Scripts/PathGenarator.cs
  artifactKey: Guid(ce15a026bf37771489e0628b9dbfeb70) Importer(815301076,1909f56bfc062723c751e8b465ee728b)
Start importing Assets/Scripts/PathGenarator.cs using Guid(ce15a026bf37771489e0628b9dbfeb70) Importer(815301076,1909f56bfc062723c751e8b465ee728b)  -> (artifact id: 'e7044db63361cb8b742f34317c584570') in 0.001470 seconds
  Import took 0.003240 seconds .

========================================================================
Received Import Request.
  Time since last request: 22.323760 seconds.
  path: Assets/Scripts/DragAndDropController.cs
  artifactKey: Guid(1c23780e6c81ab546a01aeaeeea98392) Importer(815301076,1909f56bfc062723c751e8b465ee728b)
Start importing Assets/Scripts/DragAndDropController.cs using Guid(1c23780e6c81ab546a01aeaeeea98392) Importer(815301076,1909f56bfc062723c751e8b465ee728b)  -> (artifact id: '2ea1b30cb46c3dbb552cebfc264a4fa1') in 0.001461 seconds
  Import took 0.003133 seconds .

========================================================================
Received Import Request.
  Time since last request: 0.001569 seconds.
  path: Assets/Scripts/DragAndDropController.cs
  artifactKey: Guid(1c23780e6c81ab546a01aeaeeea98392) Importer(815301076,1909f56bfc062723c751e8b465ee728b)
Start importing Assets/Scripts/DragAndDropController.cs using Guid(1c23780e6c81ab546a01aeaeeea98392) Importer(815301076,1909f56bfc062723c751e8b465ee728b)  -> (artifact id: '2ea1b30cb46c3dbb552cebfc264a4fa1') in 0.000992 seconds
  Import took 0.002146 seconds .

========================================================================
Received Prepare
Registering precompiled user dll's ...
Registered in 0.000477 seconds.
Begin MonoManager ReloadAssembly
Native extension for WindowsStandalone target not found
Refreshing native plugins compatible for Editor in 0.27 ms, found 0 plugins.
Preloading 0 native plugins for Editor in 0.00 ms.
Invoked RoslynAnalysisRunner static constructor.
RoslynAnalysisRunner will not be running.
RoslynAnalysisRunner has terminated.
Mono: successfully reloaded assembly
- Completed reload, in  0.595 seconds
Platform modules already initialized, skipping
Switching build target platform(5) subTarget(0) extendedPlatform(0) -> platform(13) subTarget(537395200) extendedPlatform(0)
Refreshing native plugins compatible for Editor in 0.29 ms, found 0 plugins.
Preloading 0 native plugins for Editor in 0.00 ms.
Unloading 1124 Unused Serialized files (Serialized files now loaded: 0)
System memory in use before: 61.6 MB.
System memory in use after: 61.7 MB.

Unloading 4 unused Assets to reduce memory usage. Loaded Objects now: 1632.
Total: 1.736200 ms (FindLiveObjects: 0.276900 ms CreateObjectMapping: 0.035800 ms MarkObjects: 1.407500 ms  DeleteObjects: 0.014600 ms)

AssetImportParameters requested are different than current active one (requested -> active):
  custom:graphics/normal-map-encoding: 01000000000000000000000000000000 -> 02000000000000000000000000000000
========================================================================
Received Prepare
Registering precompiled user dll's ...
Registered in 0.000419 seconds.
Begin MonoManager ReloadAssembly
Native extension for WindowsStandalone target not found
Refreshing native plugins compatible for Editor in 0.27 ms, found 0 plugins.
Preloading 0 native plugins for Editor in 0.00 ms.
Invoked RoslynAnalysisRunner static constructor.
RoslynAnalysisRunner will not be running.
RoslynAnalysisRunner has terminated.
Mono: successfully reloaded assembly
- Completed reload, in  0.596 seconds
Platform modules already initialized, skipping
Switching build target platform(5) subTarget(0) extendedPlatform(0) -> platform(13) subTarget(537395200) extendedPlatform(0)
Refreshing native plugins compatible for Editor in 0.22 ms, found 0 plugins.
Preloading 0 native plugins for Editor in 0.00 ms.
Unloading 1124 Unused Serialized files (Serialized files now loaded: 0)
System memory in use before: 61.6 MB.
System memory in use after: 61.7 MB.

Unloading 4 unused Assets to reduce memory usage. Loaded Objects now: 1635.
Total: 1.425500 ms (FindLiveObjects: 0.139900 ms CreateObjectMapping: 0.027700 ms MarkObjects: 1.245400 ms  DeleteObjects: 0.011400 ms)

AssetImportParameters requested are different than current active one (requested -> active):
  custom:graphics/normal-map-encoding: 01000000000000000000000000000000 -> 02000000000000000000000000000000
========================================================================
Received Prepare
Registering precompiled user dll's ...
Registered in 0.000461 seconds.
Begin MonoManager ReloadAssembly
Native extension for WindowsStandalone target not found
Refreshing native plugins compatible for Editor in 0.26 ms, found 0 plugins.
Preloading 0 native plugins for Editor in 0.00 ms.
Invoked RoslynAnalysisRunner static constructor.
RoslynAnalysisRunner will not be running.
RoslynAnalysisRunner has terminated.
Mono: successfully reloaded assembly
- Completed reload, in  0.642 seconds
Platform modules already initialized, skipping
Switching build target platform(5) subTarget(0) extendedPlatform(0) -> platform(13) subTarget(537395200) extendedPlatform(0)
Refreshing native plugins compatible for Editor in 0.27 ms, found 0 plugins.
Preloading 0 native plugins for Editor in 0.00 ms.
Unloading 1124 Unused Serialized files (Serialized files now loaded: 0)
System memory in use before: 61.6 MB.
System memory in use after: 61.7 MB.

Unloading 4 unused Assets to reduce memory usage. Loaded Objects now: 1638.
Total: 1.795400 ms (FindLiveObjects: 0.212900 ms CreateObjectMapping: 0.028900 ms MarkObjects: 1.537600 ms  DeleteObjects: 0.014900 ms)

AssetImportParameters requested are different than current active one (requested -> active):
  custom:graphics/normal-map-encoding: 01000000000000000000000000000000 -> 02000000000000000000000000000000
========================================================================
Received Prepare
Registering precompiled user dll's ...
Registered in 0.000591 seconds.
Begin MonoManager ReloadAssembly
Native extension for WindowsStandalone target not found
Refreshing native plugins compatible for Editor in 0.31 ms, found 0 plugins.
Preloading 0 native plugins for Editor in 0.00 ms.
Invoked RoslynAnalysisRunner static constructor.
RoslynAnalysisRunner will not be running.
RoslynAnalysisRunner has terminated.
Mono: successfully reloaded assembly
- Completed reload, in  0.612 seconds
Platform modules already initialized, skipping
Switching build target platform(5) subTarget(0) extendedPlatform(0) -> platform(13) subTarget(537395200) extendedPlatform(0)
Refreshing native plugins compatible for Editor in 0.26 ms, found 0 plugins.
Preloading 0 native plugins for Editor in 0.00 ms.
Unloading 1124 Unused Serialized files (Serialized files now loaded: 0)
System memory in use before: 61.6 MB.
System memory in use after: 61.7 MB.

Unloading 4 unused Assets to reduce memory usage. Loaded Objects now: 1641.
Total: 1.587200 ms (FindLiveObjects: 0.162000 ms CreateObjectMapping: 0.030300 ms MarkObjects: 1.378000 ms  DeleteObjects: 0.016200 ms)

AssetImportParameters requested are different than current active one (requested -> active):
  custom:graphics/normal-map-encoding: 01000000000000000000000000000000 -> 02000000000000000000000000000000
========================================================================
Received Prepare
Registering precompiled user dll's ...
Registered in 0.000492 seconds.
Begin MonoManager ReloadAssembly
Native extension for WindowsStandalone target not found
Refreshing native plugins compatible for Editor in 0.27 ms, found 0 plugins.
Preloading 0 native plugins for Editor in 0.00 ms.
Invoked RoslynAnalysisRunner static constructor.
RoslynAnalysisRunner will not be running.
RoslynAnalysisRunner has terminated.
Mono: successfully reloaded assembly
- Completed reload, in  0.608 seconds
Platform modules already initialized, skipping
Switching build target platform(5) subTarget(0) extendedPlatform(0) -> platform(13) subTarget(537395200) extendedPlatform(0)
Refreshing native plugins compatible for Editor in 0.30 ms, found 0 plugins.
Preloading 0 native plugins for Editor in 0.00 ms.
Unloading 1124 Unused Serialized files (Serialized files now loaded: 0)
System memory in use before: 61.6 MB.
System memory in use after: 61.7 MB.

Unloading 4 unused Assets to reduce memory usage. Loaded Objects now: 1644.
Total: 1.567500 ms (FindLiveObjects: 0.237100 ms CreateObjectMapping: 0.029500 ms MarkObjects: 1.286800 ms  DeleteObjects: 0.012700 ms)

AssetImportParameters requested are different than current active one (requested -> active):
  custom:graphics/normal-map-encoding: 01000000000000000000000000000000 -> 02000000000000000000000000000000
========================================================================
Received Prepare
Registering precompiled user dll's ...
Registered in 0.000466 seconds.
Begin MonoManager ReloadAssembly
Native extension for WindowsStandalone target not found
Refreshing native plugins compatible for Editor in 0.33 ms, found 0 plugins.
Preloading 0 native plugins for Editor in 0.00 ms.
Invoked RoslynAnalysisRunner static constructor.
RoslynAnalysisRunner will not be running.
RoslynAnalysisRunner has terminated.
Mono: successfully reloaded assembly
- Completed reload, in  0.597 seconds
Platform modules already initialized, skipping
Switching build target platform(5) subTarget(0) extendedPlatform(0) -> platform(13) subTarget(537395200) extendedPlatform(0)
Refreshing native plugins compatible for Editor in 0.25 ms, found 0 plugins.
Preloading 0 native plugins for Editor in 0.00 ms.
Unloading 1124 Unused Serialized files (Serialized files now loaded: 0)
System memory in use before: 61.6 MB.
System memory in use after: 61.7 MB.

Unloading 4 unused Assets to reduce memory usage. Loaded Objects now: 1647.
Total: 1.438500 ms (FindLiveObjects: 0.155900 ms CreateObjectMapping: 0.026800 ms MarkObjects: 1.243800 ms  DeleteObjects: 0.011000 ms)

AssetImportParameters requested are different than current active one (requested -> active):
  custom:graphics/normal-map-encoding: 01000000000000000000000000000000 -> 02000000000000000000000000000000
========================================================================
Received Import Request.
  Time since last request: 1237.928800 seconds.
  path: Assets/Scripts/CharactorActive.cs
  artifactKey: Guid(c9b33f37b1c72924882985de26a7e04f) Importer(815301076,1909f56bfc062723c751e8b465ee728b)
Start importing Assets/Scripts/CharactorActive.cs using Guid(c9b33f37b1c72924882985de26a7e04f) Importer(815301076,1909f56bfc062723c751e8b465ee728b)  -> (artifact id: 'f128fd6951cb255286ba45f447489a5b') in 0.003359 seconds
  Import took 0.005159 seconds .

========================================================================
Received Import Request.
  Time since last request: 0.000386 seconds.
  path: Assets/Scripts/CharactorActive.cs
  artifactKey: Guid(c9b33f37b1c72924882985de26a7e04f) Importer(815301076,1909f56bfc062723c751e8b465ee728b)
Start importing Assets/Scripts/CharactorActive.cs using Guid(c9b33f37b1c72924882985de26a7e04f) Importer(815301076,1909f56bfc062723c751e8b465ee728b)  -> (artifact id: 'f128fd6951cb255286ba45f447489a5b') in 0.001034 seconds
  Import took 0.002201 seconds .

========================================================================
Received Import Request.
  Time since last request: 8.773449 seconds.
  path: Assets/Scripts/Collectible.cs
  artifactKey: Guid(0d79a29776797794f972b2f854cf6c84) Importer(815301076,1909f56bfc062723c751e8b465ee728b)
Start importing Assets/Scripts/Collectible.cs using Guid(0d79a29776797794f972b2f854cf6c84) Importer(815301076,1909f56bfc062723c751e8b465ee728b)  -> (artifact id: '3485dce8bbe93d9c54ca359127fe97bc') in 0.001385 seconds
  Import took 0.003021 seconds .

========================================================================
Received Import Request.
  Time since last request: 8.209917 seconds.
  path: Assets/Scripts/GameManager.cs
  artifactKey: Guid(ab873008205732948b42da21d2ac393a) Importer(815301076,1909f56bfc062723c751e8b465ee728b)
Start importing Assets/Scripts/GameManager.cs using Guid(ab873008205732948b42da21d2ac393a) Importer(815301076,1909f56bfc062723c751e8b465ee728b)  -> (artifact id: 'ee96aeaf142c9f96a4ef8746421cf062') in 0.001440 seconds
  Import took 0.003027 seconds .

========================================================================
Received Import Request.
  Time since last request: 0.000538 seconds.
  path: Assets/Scripts/GameManager.cs
  artifactKey: Guid(ab873008205732948b42da21d2ac393a) Importer(815301076,1909f56bfc062723c751e8b465ee728b)
Start importing Assets/Scripts/GameManager.cs using Guid(ab873008205732948b42da21d2ac393a) Importer(815301076,1909f56bfc062723c751e8b465ee728b)  -> (artifact id: 'ee96aeaf142c9f96a4ef8746421cf062') in 0.001257 seconds
  Import took 0.002963 seconds .

========================================================================
Received Import Request.
  Time since last request: 101.423071 seconds.
  path: Assets/Scripts/Menu.cs
  artifactKey: Guid(d49bb15582e4a994291c6763ae9c2796) Importer(815301076,1909f56bfc062723c751e8b465ee728b)
Start importing Assets/Scripts/Menu.cs using Guid(d49bb15582e4a994291c6763ae9c2796) Importer(815301076,1909f56bfc062723c751e8b465ee728b)  -> (artifact id: '6c44551688d3c9fa18737870074dda48') in 0.001451 seconds
  Import took 0.003153 seconds .

========================================================================
Received Import Request.
  Time since last request: 0.000607 seconds.
  path: Assets/Scripts/Menu.cs
  artifactKey: Guid(d49bb15582e4a994291c6763ae9c2796) Importer(815301076,1909f56bfc062723c751e8b465ee728b)
Start importing Assets/Scripts/Menu.cs using Guid(d49bb15582e4a994291c6763ae9c2796) Importer(815301076,1909f56bfc062723c751e8b465ee728b)  -> (artifact id: '6c44551688d3c9fa18737870074dda48') in 0.001029 seconds
  Import took 0.002194 seconds .

========================================================================
Received Import Request.
  Time since last request: 83.066717 seconds.
  path: Assets/Scripts/Movement.cs
  artifactKey: Guid(a503d17e7c24df542911941216ef106d) Importer(815301076,1909f56bfc062723c751e8b465ee728b)
Start importing Assets/Scripts/Movement.cs using Guid(a503d17e7c24df542911941216ef106d) Importer(815301076,1909f56bfc062723c751e8b465ee728b)  -> (artifact id: 'cc63b42414f9b44591a0b5714fee2b8c') in 0.001618 seconds
  Import took 0.003697 seconds .

========================================================================
Received Prepare
Registering precompiled user dll's ...
Registered in 0.000590 seconds.
Begin MonoManager ReloadAssembly
Native extension for WindowsStandalone target not found
Refreshing native plugins compatible for Editor in 0.28 ms, found 0 plugins.
Preloading 0 native plugins for Editor in 0.00 ms.
Invoked RoslynAnalysisRunner static constructor.
RoslynAnalysisRunner will not be running.
RoslynAnalysisRunner has terminated.
Mono: successfully reloaded assembly
- Completed reload, in  0.651 seconds
Platform modules already initialized, skipping
Switching build target platform(5) subTarget(0) extendedPlatform(0) -> platform(13) subTarget(537395200) extendedPlatform(0)
Refreshing native plugins compatible for Editor in 0.26 ms, found 0 plugins.
Preloading 0 native plugins for Editor in 0.00 ms.
Unloading 1124 Unused Serialized files (Serialized files now loaded: 0)
System memory in use before: 61.6 MB.
System memory in use after: 61.7 MB.

Unloading 4 unused Assets to reduce memory usage. Loaded Objects now: 1650.
Total: 1.945000 ms (FindLiveObjects: 0.244400 ms CreateObjectMapping: 0.041600 ms MarkObjects: 1.642700 ms  DeleteObjects: 0.015100 ms)

AssetImportParameters requested are different than current active one (requested -> active):
  custom:graphics/normal-map-encoding: 01000000000000000000000000000000 -> 02000000000000000000000000000000
========================================================================
Received Prepare
Registering precompiled user dll's ...
Registered in 0.000460 seconds.
Begin MonoManager ReloadAssembly
Native extension for WindowsStandalone target not found
Refreshing native plugins compatible for Editor in 0.29 ms, found 0 plugins.
Preloading 0 native plugins for Editor in 0.00 ms.
Invoked RoslynAnalysisRunner static constructor.
RoslynAnalysisRunner will not be running.
RoslynAnalysisRunner has terminated.
Mono: successfully reloaded assembly
- Completed reload, in  0.605 seconds
Platform modules already initialized, skipping
Switching build target platform(5) subTarget(0) extendedPlatform(0) -> platform(13) subTarget(537395200) extendedPlatform(0)
Refreshing native plugins compatible for Editor in 0.20 ms, found 0 plugins.
Preloading 0 native plugins for Editor in 0.00 ms.
Unloading 1124 Unused Serialized files (Serialized files now loaded: 0)
System memory in use before: 61.6 MB.
System memory in use after: 61.7 MB.

Unloading 4 unused Assets to reduce memory usage. Loaded Objects now: 1653.
Total: 1.488600 ms (FindLiveObjects: 0.183300 ms CreateObjectMapping: 0.028300 ms MarkObjects: 1.263000 ms  DeleteObjects: 0.012700 ms)

AssetImportParameters requested are different than current active one (requested -> active):
  custom:graphics/normal-map-encoding: 01000000000000000000000000000000 -> 02000000000000000000000000000000
========================================================================
Received Prepare
Registering precompiled user dll's ...
Registered in 0.000503 seconds.
Begin MonoManager ReloadAssembly
Native extension for WindowsStandalone target not found
Refreshing native plugins compatible for Editor in 0.28 ms, found 0 plugins.
Preloading 0 native plugins for Editor in 0.00 ms.
Invoked RoslynAnalysisRunner static constructor.
RoslynAnalysisRunner will not be running.
RoslynAnalysisRunner has terminated.
Mono: successfully reloaded assembly
- Completed reload, in  0.617 seconds
Platform modules already initialized, skipping
Switching build target platform(5) subTarget(0) extendedPlatform(0) -> platform(13) subTarget(537395200) extendedPlatform(0)
Refreshing native plugins compatible for Editor in 0.26 ms, found 0 plugins.
Preloading 0 native plugins for Editor in 0.00 ms.
Unloading 1124 Unused Serialized files (Serialized files now loaded: 0)
System memory in use before: 61.7 MB.
System memory in use after: 61.8 MB.

Unloading 4 unused Assets to reduce memory usage. Loaded Objects now: 1656.
Total: 1.615500 ms (FindLiveObjects: 0.170300 ms CreateObjectMapping: 0.028700 ms MarkObjects: 1.401200 ms  DeleteObjects: 0.014000 ms)

AssetImportParameters requested are different than current active one (requested -> active):
  custom:graphics/normal-map-encoding: 01000000000000000000000000000000 -> 02000000000000000000000000000000
========================================================================
Received Prepare
Registering precompiled user dll's ...
Registered in 0.000417 seconds.
Begin MonoManager ReloadAssembly
Native extension for WindowsStandalone target not found
Refreshing native plugins compatible for Editor in 0.28 ms, found 0 plugins.
Preloading 0 native plugins for Editor in 0.00 ms.
Invoked RoslynAnalysisRunner static constructor.
RoslynAnalysisRunner will not be running.
RoslynAnalysisRunner has terminated.
Mono: successfully reloaded assembly
- Completed reload, in  0.607 seconds
Platform modules already initialized, skipping
Switching build target platform(5) subTarget(0) extendedPlatform(0) -> platform(13) subTarget(537395200) extendedPlatform(0)
Refreshing native plugins compatible for Editor in 0.23 ms, found 0 plugins.
Preloading 0 native plugins for Editor in 0.00 ms.
Unloading 1124 Unused Serialized files (Serialized files now loaded: 0)
System memory in use before: 61.7 MB.
System memory in use after: 61.8 MB.

Unloading 4 unused Assets to reduce memory usage. Loaded Objects now: 1659.
Total: 1.525400 ms (FindLiveObjects: 0.212200 ms CreateObjectMapping: 0.029200 ms MarkObjects: 1.270700 ms  DeleteObjects: 0.012300 ms)

AssetImportParameters requested are different than current active one (requested -> active):
  custom:graphics/normal-map-encoding: 01000000000000000000000000000000 -> 02000000000000000000000000000000
========================================================================
Received Import Request.
  Time since last request: 148.907428 seconds.
  path: Assets/Scripts/Movement.cs
  artifactKey: Guid(a503d17e7c24df542911941216ef106d) Importer(815301076,1909f56bfc062723c751e8b465ee728b)
Start importing Assets/Scripts/Movement.cs using Guid(a503d17e7c24df542911941216ef106d) Importer(815301076,1909f56bfc062723c751e8b465ee728b)  -> (artifact id: 'c0c90d21a826b4fa7c7dda26178f8607') in 0.003375 seconds
  Import took 0.005382 seconds .

========================================================================
Received Import Request.
  Time since last request: 0.021979 seconds.
  path: Assets/Scripts/Movement.cs
  artifactKey: Guid(a503d17e7c24df542911941216ef106d) Importer(815301076,1909f56bfc062723c751e8b465ee728b)
Start importing Assets/Scripts/Movement.cs using Guid(a503d17e7c24df542911941216ef106d) Importer(815301076,1909f56bfc062723c751e8b465ee728b)  -> (artifact id: 'c0c90d21a826b4fa7c7dda26178f8607') in 0.001294 seconds
  Import took 0.003095 seconds .

========================================================================
Received Import Request.
  Time since last request: 0.449690 seconds.
  path: Assets/Scripts/ObjectPooling.cs
  artifactKey: Guid(2b9b4236ceafa32428fde00509aedb0c) Importer(815301076,1909f56bfc062723c751e8b465ee728b)
Start importing Assets/Scripts/ObjectPooling.cs using Guid(2b9b4236ceafa32428fde00509aedb0c) Importer(815301076,1909f56bfc062723c751e8b465ee728b)  -> (artifact id: 'bdb493148bf43b3aecbf97957f9eb36c') in 0.001254 seconds
  Import took 0.002976 seconds .

========================================================================
Received Import Request.
  Time since last request: 0.000270 seconds.
  path: Assets/Scripts/ObjectPooling.cs
  artifactKey: Guid(2b9b4236ceafa32428fde00509aedb0c) Importer(815301076,1909f56bfc062723c751e8b465ee728b)
Start importing Assets/Scripts/ObjectPooling.cs using Guid(2b9b4236ceafa32428fde00509aedb0c) Importer(815301076,1909f56bfc062723c751e8b465ee728b)  -> (artifact id: 'bdb493148bf43b3aecbf97957f9eb36c') in 0.001093 seconds
  Import took 0.002372 seconds .

========================================================================
Received Prepare
Registering precompiled user dll's ...
Registered in 0.000447 seconds.
Begin MonoManager ReloadAssembly
Native extension for WindowsStandalone target not found
Refreshing native plugins compatible for Editor in 0.28 ms, found 0 plugins.
Preloading 0 native plugins for Editor in 0.00 ms.
Invoked RoslynAnalysisRunner static constructor.
RoslynAnalysisRunner will not be running.
RoslynAnalysisRunner has terminated.
Mono: successfully reloaded assembly
- Completed reload, in  0.606 seconds
Platform modules already initialized, skipping
Switching build target platform(5) subTarget(0) extendedPlatform(0) -> platform(13) subTarget(537395200) extendedPlatform(0)
Refreshing native plugins compatible for Editor in 0.38 ms, found 0 plugins.
Preloading 0 native plugins for Editor in 0.00 ms.
Unloading 1124 Unused Serialized files (Serialized files now loaded: 0)
System memory in use before: 61.7 MB.
System memory in use after: 61.8 MB.

Unloading 4 unused Assets to reduce memory usage. Loaded Objects now: 1662.
Total: 1.609800 ms (FindLiveObjects: 0.183900 ms CreateObjectMapping: 0.027400 ms MarkObjects: 1.382400 ms  DeleteObjects: 0.015100 ms)

AssetImportParameters requested are different than current active one (requested -> active):
  custom:graphics/normal-map-encoding: 01000000000000000000000000000000 -> 02000000000000000000000000000000
AssetImportWorkerClient::OnTransportError - code=2 error=End of file
